生成启动时间为 2018/5/19 15:01:36。
     1>项目“D:\github\KeyboardMouseSimulateDriver\Source\KeyboardMouseSimulateDriver\KeyboardMouseSimulateDriver.vcxproj”在节点 2 上(Rebuild 个目标)。
     1>ClCompile:
         D:\Program Files (x86)\Microsoft Visual Studio 12.0\VC\bin\CL.exe /c /Zi /nologo /W3 /WX- /sdl /O2 /Oi /Oy- /GL /D WIN32 /D NDEBUG /D _WINDOWS /D _USRDLL /D KEYBOARD_MOUSE_SIMULATE_DRIVER_EXPORTS /D _WINDLL /D _UNICODE /D UNICODE /Gm- /EHsc /MD /GS /Gy /fp:precise /Zc:wchar_t /Zc:forScope /Yc"stdafx.h" /Fp"..\..\Temp\KeyboardMouseSimulateDriver.pch" /Fo"..\..\Temp\\" /Fd"..\..\Temp\vc120.pdb" /Gd /TP /analyze- /errorReport:prompt stdafx.cpp
         stdafx.cpp
         D:\Program Files (x86)\Microsoft Visual Studio 12.0\VC\bin\CL.exe /c /Zi /nologo /W3 /WX- /sdl /O2 /Oi /Oy- /GL /D WIN32 /D NDEBUG /D _WINDOWS /D _USRDLL /D KEYBOARD_MOUSE_SIMULATE_DRIVER_EXPORTS /D _WINDLL /D _UNICODE /D UNICODE /Gm- /EHsc /MD /GS /Gy /fp:precise /Zc:wchar_t /Zc:forScope /Fo"..\..\Temp\\" /Fd"..\..\Temp\vc120.pdb" /Gd /TP /analyze- /errorReport:prompt dllmain.cpp
         dllmain.cpp
         D:\Program Files (x86)\Microsoft Visual Studio 12.0\VC\bin\CL.exe /c /Zi /nologo /W3 /WX- /sdl /O2 /Oi /Oy- /GL /D WIN32 /D NDEBUG /D _WINDOWS /D _USRDLL /D KEYBOARD_MOUSE_SIMULATE_DRIVER_EXPORTS /D _WINDLL /D _UNICODE /D UNICODE /Gm- /EHsc /MD /GS /Gy /fp:precise /Zc:wchar_t /Zc:forScope /Yu"stdafx.h" /Fp"..\..\Temp\KeyboardMouseSimulateDriver.pch" /Fo"..\..\Temp\\" /Fd"..\..\Temp\vc120.pdb" /Gd /TP /analyze- /errorReport:prompt KeyboardMouseSimulateDriver.cpp ServiceControlManager.cpp
         KeyboardMouseSimulateDriver.cpp
         ServiceControlManager.cpp
       Link:
         D:\Program Files (x86)\Microsoft Visual Studio 12.0\VC\bin\link.exe /ERRORREPORT:PROMPT /OUT:"..\..\Release\KeyboardMouseSimulateDriver.dll" /INCREMENTAL:NO /NOLOGO kernel32.lib user32.lib gdi32.lib winspool.lib comdlg32.lib advapi32.lib shell32.lib ole32.lib oleaut32.lib uuid.lib odbc32.lib odbccp32.lib /MANIFEST /MANIFESTUAC:"level='asInvoker' uiAccess='false'" /manifest:embed /DEBUG /PDB:"..\..\Release\KeyboardMouseSimulateDriver.pdb" /SUBSYSTEM:WINDOWS /OPT:REF /OPT:ICF /LTCG /TLBID:1 /DYNAMICBASE /NXCOMPAT /IMPLIB:"..\..\Release\KeyboardMouseSimulateDriver.lib" /MACHINE:X86 /SAFESEH /DLL ..\..\Temp\dllmain.obj
         ..\..\Temp\KeyboardMouseSimulateDriver.obj
         ..\..\Temp\ServiceControlManager.obj
         ..\..\Temp\stdafx.obj
            正在创建库 ..\..\Release\KeyboardMouseSimulateDriver.lib 和对象 ..\..\Release\KeyboardMouseSimulateDriver.exp
         正在生成代码
         已完成代码的生成
         KeyboardMouseSimulateDriver.vcxproj -> D:\github\KeyboardMouseSimulateDriver\Source\KeyboardMouseSimulateDriver\..\..\Release\KeyboardMouseSimulateDriver.dll
     1>已完成生成项目“D:\github\KeyboardMouseSimulateDriver\Source\KeyboardMouseSimulateDriver\KeyboardMouseSimulateDriver.vcxproj”(Rebuild 个目标)的操作。

生成成功。

已用时间 00:00:01.06
